<?xml version="1.0" encoding="UTF-8"?>
<testsuite name="SILab2Test" tests="2" skipped="0" failures="0" errors="0" timestamp="2024-05-23T16:53:04" hostname="DESKTOP-RFQ71U6" time="0.057">
  <properties/>
  <testcase name="multipleConditions()" classname="SILab2Test" time="0.045"/>
  <testcase name="testEveryBranch()" classname="SILab2Test" time="0.007"/>
  <system-out><![CDATA[]]></system-out>
  <system-err><![CDATA[]]></system-err>
</testsuite>
